0 info it worked if it ends with ok
1 verbose cli [ '/home/developer/.nvm/versions/node/v0.12.7/bin/node',
1 verbose cli   '/home/developer/.nvm/versions/node/v0.12.7/bin/npm',
1 verbose cli   'install',
1 verbose cli   'html-webpack-plugin',
1 verbose cli   '--save-dev' ]
2 info using npm@2.11.3
3 info using node@v0.12.7
4 verbose install initial load of /home/developer/TeacherApp/package.json
5 warn package.json yami-app@1.0.0 No description
6 verbose installManyTop reading scoped package data from /home/developer/TeacherApp/node_modules/browser-sync/package.json
7 verbose installManyTop reading scoped package data from /home/developer/TeacherApp/node_modules/browserify/package.json
8 verbose installManyTop reading scoped package data from /home/developer/TeacherApp/node_modules/gulp/package.json
9 verbose installManyTop reading scoped package data from /home/developer/TeacherApp/node_modules/gulp-compile-handlebars/package.json
10 verbose installManyTop reading scoped package data from /home/developer/TeacherApp/node_modules/gulp-concat/package.json
11 verbose installManyTop reading scoped package data from /home/developer/TeacherApp/node_modules/gulp-sass/package.json
12 verbose installManyTop reading scoped package data from /home/developer/TeacherApp/node_modules/gulp-watch/package.json
13 verbose installManyTop reading scoped package data from /home/developer/TeacherApp/node_modules/jquery/package.json
14 verbose installManyTop reading scoped package data from /home/developer/TeacherApp/node_modules/lodash/package.json
15 verbose installManyTop reading scoped package data from /home/developer/TeacherApp/node_modules/react/package.json
16 verbose installManyTop reading scoped package data from /home/developer/TeacherApp/node_modules/reactify/package.json
17 verbose installManyTop reading scoped package data from /home/developer/TeacherApp/node_modules/vinyl-source-stream/package.json
18 verbose installManyTop reading scoped package data from /home/developer/TeacherApp/node_modules/webpack/package.json
19 info package.json jquery@2.1.4 No license field.
20 verbose readDependencies loading dependencies from /home/developer/TeacherApp/package.json
21 silly cache add args [ 'html-webpack-plugin', null ]
22 verbose cache add spec html-webpack-plugin
23 silly cache add parsed spec { raw: 'html-webpack-plugin',
23 silly cache add   scope: null,
23 silly cache add   name: 'html-webpack-plugin',
23 silly cache add   rawSpec: '',
23 silly cache add   spec: '*',
23 silly cache add   type: 'range' }
24 silly addNamed html-webpack-plugin@*
25 verbose addNamed "*" is a valid semver range for html-webpack-plugin
26 silly addNameRange { name: 'html-webpack-plugin', range: '*', hasData: false }
27 silly mapToRegistry name html-webpack-plugin
28 silly mapToRegistry using default registry
29 silly mapToRegistry registry http://lfnpm.swacorp.com/
30 silly mapToRegistry uri http://lfnpm.swacorp.com/html-webpack-plugin
31 verbose addNameRange registry:http://lfnpm.swacorp.com/html-webpack-plugin not in flight; fetching
32 verbose request uri http://lfnpm.swacorp.com/html-webpack-plugin
33 verbose request no auth needed
34 info attempt registry request try #1 at 5:51:32 PM
35 verbose request id 63b974de8712559b
36 http request GET http://lfnpm.swacorp.com/html-webpack-plugin
37 http 200 http://lfnpm.swacorp.com/html-webpack-plugin
38 silly get cb [ 200,
38 silly get   { server: 'nginx/1.1.19',
38 silly get     date: 'Tue, 22 Dec 2015 20:51:32 GMT',
38 silly get     'content-type': 'application/json; charset=utf-8',
38 silly get     'transfer-encoding': 'chunked',
38 silly get     connection: 'keep-alive',
38 silly get     'x-registry': 'https://registry.npmjs.org/',
38 silly get     etag: '"7RZIEAQF38DCNM6Y6MWJYL66J"',
38 silly get     'cache-control': 'max-age=300',
38 silly get     'accept-ranges': 'bytes',
38 silly get     via: '1.1 varnish',
38 silly get     age: '179',
38 silly get     'x-served-by': 'cache-ord1726-ORD',
38 silly get     'x-cache': 'HIT',
38 silly get     'x-cache-hits': '1',
38 silly get     'x-timer': 'S1450817492.823078,VS0,VE0',
38 silly get     vary: 'Accept,accept-encoding',
38 silly get     'content-encoding': 'gzip' } ]
39 verbose get saving html-webpack-plugin to /home/developer/.npm/lfnpm.swacorp.com/html-webpack-plugin/.cache.json
40 silly addNameRange number 2 { name: 'html-webpack-plugin', range: '*', hasData: true }
41 silly addNameRange versions [ 'html-webpack-plugin',
41 silly addNameRange   [ '0.1.0',
41 silly addNameRange     '0.2.0',
41 silly addNameRange     '0.4.0',
41 silly addNameRange     '1.0.0',
41 silly addNameRange     '1.0.1',
41 silly addNameRange     '1.1.0',
41 silly addNameRange     '1.2.0',
41 silly addNameRange     '1.3.0',
41 silly addNameRange     '1.4.0',
41 silly addNameRange     '1.5.0',
41 silly addNameRange     '1.5.1',
41 silly addNameRange     '1.5.2',
41 silly addNameRange     '1.6.0',
41 silly addNameRange     '1.6.1',
41 silly addNameRange     '2.0.2',
41 silly addNameRange     '2.0.3',
41 silly addNameRange     '2.0.4',
41 silly addNameRange     '1.6.2',
41 silly addNameRange     '2.1.0',
41 silly addNameRange     '1.7.0' ] ]
42 silly addNamed html-webpack-plugin@1.7.0
43 verbose addNamed "1.7.0" is a plain semver version for html-webpack-plugin
44 silly mapToRegistry name html-webpack-plugin
45 silly mapToRegistry using default registry
46 silly mapToRegistry registry http://lfnpm.swacorp.com/
47 silly mapToRegistry uri http://lfnpm.swacorp.com/html-webpack-plugin
48 verbose addRemoteTarball http://lfnpm.swacorp.com/html-webpack-plugin/-/html-webpack-plugin-1.7.0.tgz not in flight; adding
49 verbose addRemoteTarball [ 'http://lfnpm.swacorp.com/html-webpack-plugin/-/html-webpack-plugin-1.7.0.tgz',
49 verbose addRemoteTarball   'cd0c73c791bd0c8c45b24e3001be334a6b74297b' ]
50 info retry fetch attempt 1 at 5:51:32 PM
51 info attempt registry request try #1 at 5:51:32 PM
52 http fetch GET http://lfnpm.swacorp.com/html-webpack-plugin/-/html-webpack-plugin-1.7.0.tgz
53 http fetch 200 http://lfnpm.swacorp.com/html-webpack-plugin/-/html-webpack-plugin-1.7.0.tgz
54 silly fetchAndShaCheck shasum cd0c73c791bd0c8c45b24e3001be334a6b74297b
55 verbose addTmpTarball /tmp/npm-22568-d4f97d52/lfnpm.swacorp.com/html-webpack-plugin/-/html-webpack-plugin-1.7.0.tgz not in flight; adding
56 verbose addTmpTarball already have metadata; skipping unpack for html-webpack-plugin@1.7.0
57 silly cache afterAdd html-webpack-plugin@1.7.0
58 verbose afterAdd /home/developer/.npm/html-webpack-plugin/1.7.0/package/package.json not in flight; writing
59 verbose afterAdd /home/developer/.npm/html-webpack-plugin/1.7.0/package/package.json written
60 silly install resolved [ { name: 'html-webpack-plugin',
60 silly install resolved     version: '1.7.0',
60 silly install resolved     description: 'Simplifies creation of HTML files to serve your webpack bundles',
60 silly install resolved     main: 'index.js',
60 silly install resolved     files: [ 'index.js', 'default_index.html', 'default_inject_index.html' ],
60 silly install resolved     scripts:
60 silly install resolved      { pretest: 'jshint *.js spec',
60 silly install resolved        test: 'jasmine-node --captureExceptions spec' },
60 silly install resolved     repository:
60 silly install resolved      { type: 'git',
60 silly install resolved        url: 'https://github.com/ampedandwired/html-webpack-plugin.git' },
60 silly install resolved     keywords: [ 'webpack', 'plugin', 'html', 'generate' ],
60 silly install resolved     author:
60 silly install resolved      { name: 'Charles Blaxland',
60 silly install resolved        email: 'charles.blaxland@gmail.com',
60 silly install resolved        url: 'https://github.com/ampedandwired' },
60 silly install resolved     license: 'MIT',
60 silly install resolved     bugs: { url: 'https://github.com/ampedandwired/html-webpack-plugin/issues' },
60 silly install resolved     homepage: 'https://github.com/ampedandwired/html-webpack-plugin',
60 silly install resolved     devDependencies:
60 silly install resolved      { 'css-loader': '^0.23.0',
60 silly install resolved        'es6-promise': '^3.0.2',
60 silly install resolved        'extract-text-webpack-plugin': '^0.9.1',
60 silly install resolved        'file-loader': '^0.8.4',
60 silly install resolved        'jasmine-node': '^1.14.5',
60 silly install resolved        jshint: '^2.9.1-rc1',
60 silly install resolved        rimraf: '^2.4.4',
60 silly install resolved        'style-loader': '^0.13.0',
60 silly install resolved        'url-loader': '^0.5.6',
60 silly install resolved        webpack: '^1.12.8' },
60 silly install resolved     dependencies:
60 silly install resolved      { bluebird: '^3.0.5',
60 silly install resolved        'blueimp-tmpl': '^2.5.5',
60 silly install resolved        'html-minifier': '^1.0.0',
60 silly install resolved        lodash: '^3.10.1' },
60 silly install resolved     _id: 'html-webpack-plugin@1.7.0',
60 silly install resolved     dist:
60 silly install resolved      { shasum: 'cd0c73c791bd0c8c45b24e3001be334a6b74297b',
60 silly install resolved        tarball: 'http://lfnpm.swacorp.com/html-webpack-plugin/-/html-webpack-plugin-1.7.0.tgz' },
60 silly install resolved     _from: 'html-webpack-plugin@*',
60 silly install resolved     _npmVersion: '1.4.3',
60 silly install resolved     _npmUser: { name: 'jantimon', email: 'j.nicklas@me.com' },
60 silly install resolved     maintainers: [ [Object], [Object] ],
60 silly install resolved     directories: {},
60 silly install resolved     _shasum: 'cd0c73c791bd0c8c45b24e3001be334a6b74297b',
60 silly install resolved     _resolved: 'http://lfnpm.swacorp.com/html-webpack-plugin/-/html-webpack-plugin-1.7.0.tgz' } ]
61 info install html-webpack-plugin@1.7.0 into /home/developer/TeacherApp
62 info installOne html-webpack-plugin@1.7.0
63 verbose installOne of html-webpack-plugin to /home/developer/TeacherApp not in flight; installing
64 verbose lock using /home/developer/.npm/_locks/html-webpack-plugin-41af687149f51825.lock for /home/developer/TeacherApp/node_modules/html-webpack-plugin
65 silly install write writing html-webpack-plugin 1.7.0 to /home/developer/TeacherApp/node_modules/html-webpack-plugin
66 verbose unbuild node_modules/html-webpack-plugin
67 silly gentlyRm /home/developer/TeacherApp/node_modules/html-webpack-plugin is being purged from base /home/developer/TeacherApp
68 verbose gentlyRm don't care about contents; nuking /home/developer/TeacherApp/node_modules/html-webpack-plugin
69 verbose tar unpack /home/developer/.npm/html-webpack-plugin/1.7.0/package.tgz
70 verbose tar unpacking to /home/developer/TeacherApp/node_modules/html-webpack-plugin
71 silly gentlyRm /home/developer/TeacherApp/node_modules/html-webpack-plugin is being purged
72 verbose gentlyRm don't care about contents; nuking /home/developer/TeacherApp/node_modules/html-webpack-plugin
73 silly gunzTarPerm modes [ '775', '664' ]
74 silly gunzTarPerm extractEntry package.json
75 silly gunzTarPerm modified mode [ 'package.json', 420, 436 ]
76 silly gunzTarPerm extractEntry README.md
77 silly gunzTarPerm modified mode [ 'README.md', 420, 436 ]
78 silly gunzTarPerm extractEntry index.js
79 silly gunzTarPerm modified mode [ 'index.js', 420, 436 ]
80 silly gunzTarPerm extractEntry default_index.html
81 silly gunzTarPerm modified mode [ 'default_index.html', 420, 436 ]
82 silly gunzTarPerm extractEntry default_inject_index.html
83 silly gunzTarPerm modified mode [ 'default_inject_index.html', 420, 436 ]
84 verbose write writing to /home/developer/TeacherApp/node_modules/html-webpack-plugin/package.json
85 info preinstall html-webpack-plugin@1.7.0
86 verbose readDependencies loading dependencies from /home/developer/TeacherApp/node_modules/html-webpack-plugin/package.json
87 silly prepareForInstallMany adding bluebird@^3.0.5 from html-webpack-plugin dependencies
88 silly prepareForInstallMany adding blueimp-tmpl@^2.5.5 from html-webpack-plugin dependencies
89 silly prepareForInstallMany adding html-minifier@^1.0.0 from html-webpack-plugin dependencies
90 verbose readDependencies loading dependencies from /home/developer/TeacherApp/node_modules/html-webpack-plugin/package.json
91 silly cache add args [ 'bluebird@^3.0.5', null ]
92 verbose cache add spec bluebird@^3.0.5
93 silly cache add args [ 'blueimp-tmpl@^2.5.5', null ]
94 verbose cache add spec blueimp-tmpl@^2.5.5
95 silly cache add parsed spec { raw: 'bluebird@^3.0.5',
95 silly cache add   scope: null,
95 silly cache add   name: 'bluebird',
95 silly cache add   rawSpec: '^3.0.5',
95 silly cache add   spec: '>=3.0.5 <4.0.0',
95 silly cache add   type: 'range' }
96 silly addNamed bluebird@>=3.0.5 <4.0.0
97 verbose addNamed ">=3.0.5 <4.0.0" is a valid semver range for bluebird
98 silly addNameRange { name: 'bluebird', range: '>=3.0.5 <4.0.0', hasData: false }
99 silly mapToRegistry name bluebird
100 silly mapToRegistry using default registry
101 silly mapToRegistry registry http://lfnpm.swacorp.com/
102 silly mapToRegistry uri http://lfnpm.swacorp.com/bluebird
103 verbose addNameRange registry:http://lfnpm.swacorp.com/bluebird not in flight; fetching
104 silly cache add parsed spec { raw: 'blueimp-tmpl@^2.5.5',
104 silly cache add   scope: null,
104 silly cache add   name: 'blueimp-tmpl',
104 silly cache add   rawSpec: '^2.5.5',
104 silly cache add   spec: '>=2.5.5 <3.0.0',
104 silly cache add   type: 'range' }
105 silly addNamed blueimp-tmpl@>=2.5.5 <3.0.0
106 verbose addNamed ">=2.5.5 <3.0.0" is a valid semver range for blueimp-tmpl
107 silly addNameRange { name: 'blueimp-tmpl', range: '>=2.5.5 <3.0.0', hasData: false }
108 silly mapToRegistry name blueimp-tmpl
109 silly mapToRegistry using default registry
110 silly mapToRegistry registry http://lfnpm.swacorp.com/
111 silly mapToRegistry uri http://lfnpm.swacorp.com/blueimp-tmpl
112 verbose addNameRange registry:http://lfnpm.swacorp.com/blueimp-tmpl not in flight; fetching
113 silly cache add args [ 'html-minifier@^1.0.0', null ]
114 verbose cache add spec html-minifier@^1.0.0
115 silly cache add parsed spec { raw: 'html-minifier@^1.0.0',
115 silly cache add   scope: null,
115 silly cache add   name: 'html-minifier',
115 silly cache add   rawSpec: '^1.0.0',
115 silly cache add   spec: '>=1.0.0 <2.0.0',
115 silly cache add   type: 'range' }
116 silly addNamed html-minifier@>=1.0.0 <2.0.0
117 verbose addNamed ">=1.0.0 <2.0.0" is a valid semver range for html-minifier
118 silly addNameRange { name: 'html-minifier',
118 silly addNameRange   range: '>=1.0.0 <2.0.0',
118 silly addNameRange   hasData: false }
119 silly mapToRegistry name html-minifier
120 silly mapToRegistry using default registry
121 silly mapToRegistry registry http://lfnpm.swacorp.com/
122 silly mapToRegistry uri http://lfnpm.swacorp.com/html-minifier
123 verbose addNameRange registry:http://lfnpm.swacorp.com/html-minifier not in flight; fetching
124 verbose request uri http://lfnpm.swacorp.com/blueimp-tmpl
125 verbose request no auth needed
126 info attempt registry request try #1 at 5:51:33 PM
127 http request GET http://lfnpm.swacorp.com/blueimp-tmpl
128 verbose request uri http://lfnpm.swacorp.com/html-minifier
129 verbose request no auth needed
130 info attempt registry request try #1 at 5:51:33 PM
131 http request GET http://lfnpm.swacorp.com/html-minifier
132 verbose request uri http://lfnpm.swacorp.com/bluebird
133 verbose request no auth needed
134 info attempt registry request try #1 at 5:51:33 PM
135 verbose etag "6PEKBTTD7KYQ77FJ2R8EM48CL"
136 http request GET http://lfnpm.swacorp.com/bluebird
137 http 200 http://lfnpm.swacorp.com/blueimp-tmpl
138 silly get cb [ 200,
138 silly get   { server: 'nginx/1.1.19',
138 silly get     date: 'Tue, 22 Dec 2015 20:51:33 GMT',
138 silly get     'content-type': 'application/json; charset=utf-8',
138 silly get     'transfer-encoding': 'chunked',
138 silly get     connection: 'keep-alive',
138 silly get     'x-registry': 'https://registry.npmjs.org/',
138 silly get     etag: '"99VR3CF0ASLIY0NFNERLZTYGG"',
138 silly get     'cache-control': 'max-age=300',
138 silly get     'accept-ranges': 'bytes',
138 silly get     via: '1.1 varnish',
138 silly get     age: '0',
138 silly get     'x-served-by': 'cache-ord1726-ORD',
138 silly get     'x-cache': 'HIT',
138 silly get     'x-cache-hits': '1',
138 silly get     'x-timer': 'S1450817493.428583,VS0,VE37',
138 silly get     vary: 'Accept,accept-encoding',
138 silly get     'content-encoding': 'gzip' } ]
139 verbose get saving blueimp-tmpl to /home/developer/.npm/lfnpm.swacorp.com/blueimp-tmpl/.cache.json
140 silly addNameRange number 2 { name: 'blueimp-tmpl', range: '>=2.5.5 <3.0.0', hasData: true }
141 silly addNameRange versions [ 'blueimp-tmpl',
141 silly addNameRange   [ '1.0.0',
141 silly addNameRange     '1.0.1',
141 silly addNameRange     '1.0.2',
141 silly addNameRange     '2.0.0',
141 silly addNameRange     '2.1.0',
141 silly addNameRange     '2.2.0',
141 silly addNameRange     '2.2.1',
141 silly addNameRange     '2.2.2',
141 silly addNameRange     '2.3.0',
141 silly addNameRange     '2.3.1',
141 silly addNameRange     '2.4.0',
141 silly addNameRange     '2.5.0',
141 silly addNameRange     '2.5.1',
141 silly addNameRange     '2.5.2',
141 silly addNameRange     '2.5.3',
141 silly addNameRange     '2.5.4',
141 silly addNameRange     '2.5.5',
141 silly addNameRange     '2.5.6',
141 silly addNameRange     '2.5.7' ] ]
142 silly addNamed blueimp-tmpl@2.5.7
143 verbose addNamed "2.5.7" is a plain semver version for blueimp-tmpl
144 silly mapToRegistry name blueimp-tmpl
145 silly mapToRegistry using default registry
146 silly mapToRegistry registry http://lfnpm.swacorp.com/
147 silly mapToRegistry uri http://lfnpm.swacorp.com/blueimp-tmpl
148 verbose addRemoteTarball http://lfnpm.swacorp.com/blueimp-tmpl/-/blueimp-tmpl-2.5.7.tgz not in flight; adding
149 verbose addRemoteTarball [ 'http://lfnpm.swacorp.com/blueimp-tmpl/-/blueimp-tmpl-2.5.7.tgz',
149 verbose addRemoteTarball   '33fb12c139d65512ae40afbd8e2def8d9db96490' ]
150 info retry fetch attempt 1 at 5:51:33 PM
151 info attempt registry request try #1 at 5:51:33 PM
152 http fetch GET http://lfnpm.swacorp.com/blueimp-tmpl/-/blueimp-tmpl-2.5.7.tgz
153 http 200 http://lfnpm.swacorp.com/html-minifier
154 silly get cb [ 200,
154 silly get   { server: 'nginx/1.1.19',
154 silly get     date: 'Tue, 22 Dec 2015 20:51:33 GMT',
154 silly get     'content-type': 'application/json; charset=utf-8',
154 silly get     'transfer-encoding': 'chunked',
154 silly get     connection: 'keep-alive',
154 silly get     'x-registry': 'https://registry.npmjs.org/',
154 silly get     etag: '"BZNRIMG73WEK1ERUG4BPYQTTT"',
154 silly get     'cache-control': 'max-age=300',
154 silly get     'accept-ranges': 'bytes',
154 silly get     via: '1.1 varnish',
154 silly get     age: '63',
154 silly get     'x-served-by': 'cache-ord1725-ORD',
154 silly get     'x-cache': 'HIT',
154 silly get     'x-cache-hits': '1',
154 silly get     'x-timer': 'S1450817493.656326,VS0,VE0',
154 silly get     vary: 'Accept,accept-encoding',
154 silly get     'content-encoding': 'gzip' } ]
155 verbose get saving html-minifier to /home/developer/.npm/lfnpm.swacorp.com/html-minifier/.cache.json
156 silly addNameRange number 2 { name: 'html-minifier', range: '>=1.0.0 <2.0.0', hasData: true }
157 silly addNameRange versions [ 'html-minifier',
157 silly addNameRange   [ '0.4.3',
157 silly addNameRange     '0.4.4',
157 silly addNameRange     '0.4.5',
157 silly addNameRange     '0.5.0',
157 silly addNameRange     '0.5.1',
157 silly addNameRange     '0.5.2',
157 silly addNameRange     '0.5.4',
157 silly addNameRange     '0.5.5',
157 silly addNameRange     '0.5.6',
157 silly addNameRange     '0.6.0',
157 silly addNameRange     '0.6.1',
157 silly addNameRange     '0.6.2',
157 silly addNameRange     '0.6.3',
157 silly addNameRange     '0.6.4',
157 silly addNameRange     '0.6.5',
157 silly addNameRange     '0.6.6',
157 silly addNameRange     '0.6.7',
157 silly addNameRange     '0.6.8',
157 silly addNameRange     '0.6.9',
157 silly addNameRange     '0.7.0',
157 silly addNameRange     '0.7.1',
157 silly addNameRange     '0.7.2',
157 silly addNameRange     '0.8.0',
157 silly addNameRange     '1.0.0' ] ]
158 silly addNamed html-minifier@1.0.0
159 verbose addNamed "1.0.0" is a plain semver version for html-minifier
160 silly mapToRegistry name html-minifier
161 silly mapToRegistry using default registry
162 silly mapToRegistry registry http://lfnpm.swacorp.com/
163 silly mapToRegistry uri http://lfnpm.swacorp.com/html-minifier
164 verbose addRemoteTarball http://lfnpm.swacorp.com/html-minifier/-/html-minifier-1.0.0.tgz not in flight; adding
165 verbose addRemoteTarball [ 'http://lfnpm.swacorp.com/html-minifier/-/html-minifier-1.0.0.tgz',
165 verbose addRemoteTarball   '8b101086f352f6b1b5b1a7929a803e49c2d2aba9' ]
166 info retry fetch attempt 1 at 5:51:33 PM
167 info attempt registry request try #1 at 5:51:33 PM
168 http fetch GET http://lfnpm.swacorp.com/html-minifier/-/html-minifier-1.0.0.tgz
169 http fetch 200 http://lfnpm.swacorp.com/blueimp-tmpl/-/blueimp-tmpl-2.5.7.tgz
170 silly fetchAndShaCheck shasum 33fb12c139d65512ae40afbd8e2def8d9db96490
171 verbose addTmpTarball /tmp/npm-22568-d4f97d52/lfnpm.swacorp.com/blueimp-tmpl/-/blueimp-tmpl-2.5.7.tgz not in flight; adding
172 verbose addTmpTarball already have metadata; skipping unpack for blueimp-tmpl@2.5.7
173 silly cache afterAdd blueimp-tmpl@2.5.7
174 verbose afterAdd /home/developer/.npm/blueimp-tmpl/2.5.7/package/package.json not in flight; writing
175 verbose afterAdd /home/developer/.npm/blueimp-tmpl/2.5.7/package/package.json written
176 http fetch 200 http://lfnpm.swacorp.com/html-minifier/-/html-minifier-1.0.0.tgz
177 http 200 http://lfnpm.swacorp.com/bluebird
178 silly get cb [ 200,
178 silly get   { server: 'nginx/1.1.19',
178 silly get     date: 'Tue, 22 Dec 2015 20:51:33 GMT',
178 silly get     'content-type': 'application/json; charset=utf-8',
178 silly get     'transfer-encoding': 'chunked',
178 silly get     connection: 'keep-alive',
178 silly get     'x-registry': 'https://registry.npmjs.org/',
178 silly get     etag: '"8MR0092RLNQ7310LZ78BEOREY"',
178 silly get     'cache-control': 'max-age=300',
178 silly get     'accept-ranges': 'bytes',
178 silly get     via: '1.1 varnish',
178 silly get     age: '73',
178 silly get     'x-served-by': 'cache-ord1731-ORD',
178 silly get     'x-cache': 'HIT',
178 silly get     'x-cache-hits': '3',
178 silly get     'x-timer': 'S1450817493.704062,VS0,VE0',
178 silly get     vary: 'Accept,accept-encoding',
178 silly get     'content-encoding': 'gzip' } ]
179 verbose get saving bluebird to /home/developer/.npm/lfnpm.swacorp.com/bluebird/.cache.json
180 silly addNameRange number 2 { name: 'bluebird', range: '>=3.0.5 <4.0.0', hasData: true }
181 silly addNameRange versions [ 'bluebird',
181 silly addNameRange   [ '0.7.1-1',
181 silly addNameRange     '0.7.1-2',
181 silly addNameRange     '0.7.1-3',
181 silly addNameRange     '0.7.1-4',
181 silly addNameRange     '0.7.1-5',
181 silly addNameRange     '0.7.2-0',
181 silly addNameRange     '0.7.3-0',
181 silly addNameRange     '0.7.4-0',
181 silly addNameRange     '0.7.4-1',
181 silly addNameRange     '0.7.5-0',
181 silly addNameRange     '0.7.6-0',
181 silly addNameRange     '0.7.7-0',
181 silly addNameRange     '0.7.7-1',
181 silly addNameRange     '0.7.8-0',
181 silly addNameRange     '0.7.8-1',
181 silly addNameRange     '0.7.9-0',
181 silly addNameRange     '0.7.9-1',
181 silly addNameRange     '0.7.10-0',
181 silly addNameRange     '0.7.10-1',
181 silly addNameRange     '0.7.11-0',
181 silly addNameRange     '0.7.12-0',
181 silly addNameRange     '0.7.12-1',
181 silly addNameRange     '0.7.12-2',
181 silly addNameRange     '0.8.0-0',
181 silly addNameRange     '0.8.0-1',
181 silly addNameRange     '0.8.0-2',
181 silly addNameRange     '0.8.0-3',
181 silly addNameRange     '0.8.1-0',
181 silly addNameRange     '0.8.2-0',
181 silly addNameRange     '0.8.2-1',
181 silly addNameRange     '0.8.2-2',
181 silly addNameRange     '0.8.3-0',
181 silly addNameRange     '0.8.3-1',
181 silly addNameRange     '0.8.3-2',
181 silly addNameRange     '0.8.3-3',
181 silly addNameRange     '0.8.4-0',
181 silly addNameRange     '0.8.4-1',
181 silly addNameRange     '0.8.5-0',
181 silly addNameRange     '0.8.5-1',
181 silly addNameRange     '0.9.0-0',
181 silly addNameRange     '0.9.1-0',
181 silly addNameRange     '0.9.1-1',
181 silly addNameRange     '0.9.2-0',
181 silly addNameRange     '0.9.2-1',
181 silly addNameRange     '0.9.3-0',
181 silly addNameRange     '0.9.4-0',
181 silly addNameRange     '0.9.4-1',
181 silly addNameRange     '0.9.5-0',
181 silly addNameRange     '0.9.6-0',
181 silly addNameRange     '0.9.7-0',
181 silly addNameRange     '0.9.8-0',
181 silly addNameRange     '0.9.9-0',
181 silly addNameRange     '0.9.10-0',
181 silly addNameRange     '0.9.10-1',
181 silly addNameRange     '0.9.11-0',
181 silly addNameRange     '0.9.11-1',
181 silly addNameRange     '0.10.0-0',
181 silly addNameRange     '0.10.0-1',
181 silly addNameRange     '0.10.1-0',
181 silly addNameRange     '0.10.2-0',
181 silly addNameRange     '0.10.2-1',
181 silly addNameRange     '0.10.3-0',
181 silly addNameRange     '0.10.4-0',
181 silly addNameRange     '0.10.4-1',
181 silly addNameRange     '0.10.5-0',
181 silly addNameRange     '0.10.6-0',
181 silly addNameRange     '0.10.7-0',
181 silly addNameRange     '0.10.8-0',
181 silly addNameRange     '0.10.9-0',
181 silly addNameRange     '0.10.9-1',
181 silly addNameRange     '0.10.10-0',
181 silly addNameRange     '0.10.11-0',
181 silly addNameRange     '0.10.11-1',
181 silly addNameRange     '0.10.11-2',
181 silly addNameRange     '0.10.11-4',
181 silly addNameRange     '0.10.12-0',
181 silly addNameRange     '0.10.13-0',
181 silly addNameRange     '0.10.13-1',
181 silly addNameRange     '0.10.14-0',
181 silly addNameRange     '0.11.0-0',
181 silly addNameRange     '0.11.1-0',
181 silly addNameRange     '0.11.2-0',
181 silly addNameRange     '0.11.3-0',
181 silly addNameRange     '0.11.4-0',
181 silly addNameRange     '0.11.4-1',
181 silly addNameRange     '0.11.5-0',
181 silly addNameRange     '0.11.5-1',
181 silly addNameRange     '0.11.6-0',
181 silly addNameRange     '1.0.0',
181 silly addNameRange     '1.0.1',
181 silly addNameRange     '1.0.2',
181 silly addNameRange     '1.0.3',
181 silly addNameRange     '1.0.4',
181 silly addNameRange     '1.0.5',
181 silly addNameRange     '1.0.7',
181 silly addNameRange     '1.0.8',
181 silly addNameRange     '1.1.0',
181 silly addNameRange     '1.1.1',
181 silly addNameRange     '1.2.0',
181 silly addNameRange     '1.2.1',
181 silly addNameRange     '1.2.2',
181 silly addNameRange     '1.2.3',
181 silly addNameRange     '1.2.4',
181 silly addNameRange     '2.0.2',
181 silly addNameRange     '2.0.3',
181 silly addNameRange     '2.0.4',
181 silly addNameRange     '2.0.5',
181 silly addNameRange     '2.0.6',
181 silly addNameRange     '2.0.7',
181 silly addNameRange     '2.1.1',
181 silly addNameRange     '2.1.2',
181 silly addNameRange     '2.1.3',
181 silly addNameRange     '2.2.0',
181 silly addNameRange     '2.2.1',
181 silly addNameRange     '2.2.2',
181 silly addNameRange     '2.3.0',
181 silly addNameRange     '2.3.1',
181 silly addNameRange     '2.3.2',
181 silly addNameRange     '2.3.3',
181 silly addNameRange     '2.3.4',
181 silly addNameRange     '2.3.5',
181 silly addNameRange     '0.11.6',
181 silly addNameRange     '2.3.6',
181 silly addNameRange     '2.3.9',
181 silly addNameRange     '2.3.10',
181 silly addNameRange     '2.3.11',
181 silly addNameRange     '2.4.0',
181 silly addNameRange     '2.4.1',
181 silly addNameRange     '2.4.2',
181 silly addNameRange     '2.4.3',
181 silly addNameRange     '2.5.0',
181 silly addNameRange     '2.5.1',
181 silly addNameRange     '2.5.2',
181 silly addNameRange     '2.5.3',
181 silly addNameRange     '2.6.0',
181 silly addNameRange     '2.6.1',
181 silly addNameRange     '2.6.2',
181 silly addNameRange     '2.6.3',
181 silly addNameRange     '2.6.4',
181 silly addNameRange     '2.7.0',
181 silly addNameRange     '2.7.1',
181 silly addNameRange     '2.8.0',
181 silly addNameRange     '2.8.1',
181 silly addNameRange     '2.8.2',
181 silly addNameRange     '2.9.0',
181 silly addNameRange     '2.9.1',
181 silly addNameRange     '2.9.2',
181 silly addNameRange     '2.9.3',
181 silly addNameRange     '2.9.4',
181 silly addNameRange     '2.9.5',
181 silly addNameRange     '2.9.6',
181 silly addNameRange     '2.9.7',
181 silly addNameRange     '2.9.8',
181 silly addNameRange     '2.9.9',
181 silly addNameRange     '2.9.10',
181 silly addNameRange     '2.9.11',
181 silly addNameRange     '2.9.12',
181 silly addNameRange     '2.9.13',
181 silly addNameRange     '2.9.14',
181 silly addNameRange     '2.9.15',
181 silly addNameRange     '2.9.16',
181 silly addNameRange     '2.9.17',
181 silly addNameRange     '2.9.18',
181 silly addNameRange     '2.9.19',
181 silly addNameRange     '2.9.20',
181 silly addNameRange     '2.9.21',
181 silly addNameRange     '2.9.22',
181 silly addNameRange     '2.9.23',
181 silly addNameRange     '2.9.24',
181 silly addNameRange     '2.9.25',
181 silly addNameRange     '2.9.26',
181 silly addNameRange     '2.9.27',
181 silly addNameRange     '2.9.28',
181 silly addNameRange     '2.9.29',
181 silly addNameRange     '2.9.30',
181 silly addNameRange     '2.9.31',
181 silly addNameRange     '2.9.32',
181 silly addNameRange     '2.9.33',
181 silly addNameRange     '2.9.34',
181 silly addNameRange     '2.10.0',
181 silly addNameRange     '2.10.1',
181 silly addNameRange     '2.10.2',
181 silly addNameRange     '3.0.0',
181 silly addNameRange     '3.0.1',
181 silly addNameRange     '3.0.2',
181 silly addNameRange     '3.0.3',
181 silly addNameRange     '3.0.4',
181 silly addNameRange     '3.0.5',
181 silly addNameRange     '3.0.6',
181 silly addNameRange     '3.1.0',
181 silly addNameRange     '3.1.1' ] ]
182 silly addNamed bluebird@3.1.1
183 verbose addNamed "3.1.1" is a plain semver version for bluebird
184 silly mapToRegistry name bluebird
185 silly mapToRegistry using default registry
186 silly mapToRegistry registry http://lfnpm.swacorp.com/
187 silly mapToRegistry uri http://lfnpm.swacorp.com/bluebird
188 verbose addRemoteTarball http://lfnpm.swacorp.com/bluebird/-/bluebird-3.1.1.tgz not in flight; adding
189 verbose addRemoteTarball [ 'http://lfnpm.swacorp.com/bluebird/-/bluebird-3.1.1.tgz',
189 verbose addRemoteTarball   '7e2e4318d62ae72a674f6aea6357bb4def1a6e41' ]
190 info retry fetch attempt 1 at 5:51:34 PM
191 info attempt registry request try #1 at 5:51:34 PM
192 http fetch GET http://lfnpm.swacorp.com/bluebird/-/bluebird-3.1.1.tgz
193 silly fetchAndShaCheck shasum 8b101086f352f6b1b5b1a7929a803e49c2d2aba9
194 verbose addTmpTarball /tmp/npm-22568-d4f97d52/lfnpm.swacorp.com/html-minifier/-/html-minifier-1.0.0.tgz not in flight; adding
195 verbose addTmpTarball already have metadata; skipping unpack for html-minifier@1.0.0
196 silly cache afterAdd html-minifier@1.0.0
197 verbose afterAdd /home/developer/.npm/html-minifier/1.0.0/package/package.json not in flight; writing
198 verbose afterAdd /home/developer/.npm/html-minifier/1.0.0/package/package.json written
199 http fetch 200 http://lfnpm.swacorp.com/bluebird/-/bluebird-3.1.1.tgz
200 silly fetchAndShaCheck shasum 7e2e4318d62ae72a674f6aea6357bb4def1a6e41
201 verbose addTmpTarball /tmp/npm-22568-d4f97d52/lfnpm.swacorp.com/bluebird/-/bluebird-3.1.1.tgz not in flight; adding
202 verbose addTmpTarball already have metadata; skipping unpack for bluebird@3.1.1
203 verbose about to build /home/developer/TeacherApp/node_modules/html-webpack-plugin
204 verbose unlock done using /home/developer/.npm/_locks/html-webpack-plugin-41af687149f51825.lock for /home/developer/TeacherApp/node_modules/html-webpack-plugin
205 verbose stack Error: EACCES, mkdir '/home/developer/.npm/bluebird/3.1.1'
205 verbose stack     at Error (native)
206 verbose cwd /home/developer/TeacherApp
207 error Linux 3.13.0-74-generic
208 error argv "/home/developer/.nvm/versions/node/v0.12.7/bin/node" "/home/developer/.nvm/versions/node/v0.12.7/bin/npm" "install" "html-webpack-plugin" "--save-dev"
209 error node v0.12.7
210 error npm  v2.11.3
211 error path /home/developer/.npm/bluebird/3.1.1
212 error code EACCES
213 error errno -13
214 error Error: EACCES, mkdir '/home/developer/.npm/bluebird/3.1.1'
214 error     at Error (native)
214 error  { [Error: EACCES, mkdir '/home/developer/.npm/bluebird/3.1.1']
214 error   errno: -13,
214 error   code: 'EACCES',
214 error   path: '/home/developer/.npm/bluebird/3.1.1',
214 error   parent: 'html-webpack-plugin' }
215 error Please try running this command again as root/Administrator.
216 verbose exit [ -13, true ]
217 verbose unbuild node_modules/html-webpack-plugin
218 info preuninstall html-webpack-plugin@1.7.0
219 info uninstall html-webpack-plugin@1.7.0
220 verbose unbuild rmStuff html-webpack-plugin@1.7.0 from /home/developer/TeacherApp/node_modules
221 info postuninstall html-webpack-plugin@1.7.0
222 silly gentlyRm /home/developer/TeacherApp/node_modules/html-webpack-plugin is being purged from base /home/developer/TeacherApp
223 verbose gentlyRm don't care about contents; nuking /home/developer/TeacherApp/node_modules/html-webpack-plugin
224 silly vacuum-fs purging /home/developer/TeacherApp/node_modules/html-webpack-plugin
225 silly vacuum-fs quitting because other entries in /home/developer/TeacherApp/node_modules
